2022-04-04 20:38:37,774-INFO-D:/pythonProjects/fundamentalAnalysis/main.py-5-STARTING ANALYSIS
2022-04-04 20:38:39,582-INFO-D:\pythonProjects\fundamentalAnalysis\dataAnalysis\indicators\rsi.py-37-ASIANPAINT.NS Rsi value=59.72782477512777
2022-04-04 20:38:39,583-INFO-D:\pythonProjects\fundamentalAnalysis\dataAnalysis\indicators\rsi.py-37-ADANIGREEN.NS Rsi value=72.9143967993274
2022-04-04 20:38:39,584-INFO-D:\pythonProjects\fundamentalAnalysis\dataAnalysis\indicators\rsi.py-42-ADANIGREEN.NS: rsi=72.9143967993274
2022-04-04 20:38:39,879-INFO-D:\pythonProjects\fundamentalAnalysis\dataAnalysis\indicators\rsi.py-37-ATGL.NS Rsi value=71.48975469188869
2022-04-04 20:38:39,880-INFO-D:\pythonProjects\fundamentalAnalysis\dataAnalysis\indicators\rsi.py-42-ATGL.NS: rsi=71.48975469188869
2022-04-04 20:38:40,128-INFO-D:\pythonProjects\fundamentalAnalysis\dataAnalysis\indicators\rsi.py-37-ADANITRANS.NS Rsi value=58.15216234828811
2022-04-04 20:38:40,129-INFO-D:\pythonProjects\fundamentalAnalysis\dataAnalysis\indicators\rsi.py-37-ADANIENT.NS Rsi value=72.04965484656306
2022-04-04 20:38:40,130-INFO-D:\pythonProjects\fundamentalAnalysis\dataAnalysis\indicators\rsi.py-42-ADANIENT.NS: rsi=72.04965484656306
2022-04-04 20:38:40,378-INFO-D:\pythonProjects\fundamentalAnalysis\dataAnalysis\indicators\rsi.py-37-BAJFINANCE.NS Rsi value=68.93644299746057
2022-04-04 20:38:40,379-INFO-D:\pythonProjects\fundamentalAnalysis\dataAnalysis\indicators\rsi.py-42-BAJFINANCE.NS: rsi=68.93644299746057
2022-04-04 20:38:40,693-INFO-D:\pythonProjects\fundamentalAnalysis\dataAnalysis\indicators\rsi.py-37-BAJAJFINSV.NS Rsi value=59.44601092085024
2022-04-04 20:38:40,694-INFO-D:\pythonProjects\fundamentalAnalysis\dataAnalysis\indicators\rsi.py-37-BEL.NS Rsi value=73.5339576376466
2022-04-04 20:38:40,695-INFO-D:\pythonProjects\fundamentalAnalysis\dataAnalysis\indicators\rsi.py-42-BEL.NS: rsi=73.5339576376466
2022-04-04 20:38:42,008-INFO-D:\pythonProjects\fundamentalAnalysis\dataAnalysis\indicators\rsi.py-37-DIVISLAB.NS Rsi value=57.68060925783368
2022-04-04 20:38:42,009-INFO-D:\pythonProjects\fundamentalAnalysis\dataAnalysis\indicators\rsi.py-37-DLF.NS Rsi value=65.3344779432189
2022-04-04 20:38:42,009-INFO-D:\pythonProjects\fundamentalAnalysis\dataAnalysis\indicators\rsi.py-42-DLF.NS: rsi=65.3344779432189
2022-04-04 20:38:42,576-INFO-D:\pythonProjects\fundamentalAnalysis\dataAnalysis\indicators\rsi.py-37-GODREJPROP.NS Rsi value=56.49900811779521
2022-04-04 20:38:42,577-INFO-D:\pythonProjects\fundamentalAnalysis\dataAnalysis\indicators\rsi.py-37-HATSUN.NS Rsi value=54.72756800165246
2022-04-04 20:38:42,578-INFO-D:\pythonProjects\fundamentalAnalysis\dataAnalysis\indicators\rsi.py-37-HDFCLIFE.NS Rsi value=64.13850216881295
2022-04-04 20:38:42,578-INFO-D:\pythonProjects\fundamentalAnalysis\dataAnalysis\indicators\rsi.py-42-HDFCLIFE.NS: rsi=64.13850216881295
2022-04-04 20:38:42,822-INFO-D:\pythonProjects\fundamentalAnalysis\dataAnalysis\indicators\rsi.py-37-HDFCBANK.NS Rsi value=71.50997647980621
2022-04-04 20:38:42,823-INFO-D:\pythonProjects\fundamentalAnalysis\dataAnalysis\indicators\rsi.py-42-HDFCBANK.NS: rsi=71.50997647980621
2022-04-04 20:38:43,124-INFO-D:\pythonProjects\fundamentalAnalysis\dataAnalysis\indicators\rsi.py-37-INFY.NS Rsi value=44.335505337756246
2022-04-04 20:38:43,126-INFO-D:\pythonProjects\fundamentalAnalysis\dataAnalysis\indicators\rsi.py-37-LT.NS Rsi value=76.56947050327129
2022-04-04 20:38:43,126-INFO-D:\pythonProjects\fundamentalAnalysis\dataAnalysis\indicators\rsi.py-42-LT.NS: rsi=76.56947050327129
2022-04-04 20:38:43,415-INFO-D:\pythonProjects\fundamentalAnalysis\dataAnalysis\indicators\rsi.py-37-MCDOWELL-N.NS Rsi value=63.441026631068674
2022-04-04 20:38:43,416-INFO-D:\pythonProjects\fundamentalAnalysis\dataAnalysis\indicators\rsi.py-42-MCDOWELL-N.NS: rsi=63.441026631068674
2022-04-04 20:38:44,719-INFO-D:\pythonProjects\fundamentalAnalysis\dataAnalysis\indicators\rsi.py-37-NAUKRI.NS Rsi value=66.37084098775927
2022-04-04 20:38:44,720-INFO-D:\pythonProjects\fundamentalAnalysis\dataAnalysis\indicators\rsi.py-42-NAUKRI.NS: rsi=66.37084098775927
2022-04-04 20:38:44,990-INFO-D:\pythonProjects\fundamentalAnalysis\dataAnalysis\indicators\rsi.py-37-POWERINDIA.NS Rsi value=46.20332074453477
2022-04-04 20:38:44,992-INFO-D:\pythonProjects\fundamentalAnalysis\dataAnalysis\indicators\rsi.py-37-PHOENIXLTD.NS Rsi value=56.732479161870295
2022-04-04 20:38:44,993-INFO-D:\pythonProjects\fundamentalAnalysis\dataAnalysis\indicators\rsi.py-37-QUESS.NS Rsi value=77.62197525136482
2022-04-04 20:38:44,994-INFO-D:\pythonProjects\fundamentalAnalysis\dataAnalysis\indicators\rsi.py-42-QUESS.NS: rsi=77.62197525136482
2022-04-04 20:38:45,383-INFO-D:\pythonProjects\fundamentalAnalysis\dataAnalysis\indicators\rsi.py-37-SBIN.NS Rsi value=75.0340926895883
2022-04-04 20:38:45,383-INFO-D:\pythonProjects\fundamentalAnalysis\dataAnalysis\indicators\rsi.py-42-SBIN.NS: rsi=75.0340926895883
2022-04-04 20:38:45,675-INFO-D:\pythonProjects\fundamentalAnalysis\dataAnalysis\indicators\rsi.py-37-SBICARD.NS Rsi value=59.794491531968795
2022-04-04 20:38:45,676-INFO-D:\pythonProjects\fundamentalAnalysis\dataAnalysis\indicators\rsi.py-37-SBILIFE.NS Rsi value=60.794168246466015
2022-04-04 20:38:45,677-INFO-D:\pythonProjects\fundamentalAnalysis\dataAnalysis\indicators\rsi.py-42-SBILIFE.NS: rsi=60.794168246466015
2022-04-04 20:38:45,939-INFO-D:\pythonProjects\fundamentalAnalysis\dataAnalysis\indicators\rsi.py-37-SIEMENS.NS Rsi value=70.61006081166337
2022-04-04 20:38:45,941-INFO-D:\pythonProjects\fundamentalAnalysis\dataAnalysis\indicators\rsi.py-42-SIEMENS.NS: rsi=70.61006081166337
2022-04-04 20:38:47,252-INFO-D:\pythonProjects\fundamentalAnalysis\dataAnalysis\indicators\rsi.py-37-RELIANCE.NS Rsi value=59.96269317338686
2022-04-04 20:38:47,253-INFO-D:\pythonProjects\fundamentalAnalysis\dataAnalysis\indicators\rsi.py-37-ROUTE.NS Rsi value=59.769553177912314
2022-04-04 20:38:47,254-INFO-D:\pythonProjects\fundamentalAnalysis\dataAnalysis\indicators\rsi.py-37-TATAELXSI.NS Rsi value=55.98472578259999
2022-04-04 20:38:47,255-INFO-D:\pythonProjects\fundamentalAnalysis\dataAnalysis\indicators\rsi.py-37-TATACONSUM.NS Rsi value=63.72658196261247
2022-04-04 20:38:47,255-INFO-D:\pythonProjects\fundamentalAnalysis\dataAnalysis\indicators\rsi.py-42-TATACONSUM.NS: rsi=63.72658196261247
2022-04-04 20:38:47,591-INFO-D:\pythonProjects\fundamentalAnalysis\dataAnalysis\indicators\rsi.py-37-TCS.NS Rsi value=63.36018721553561
2022-04-04 20:38:47,592-INFO-D:\pythonProjects\fundamentalAnalysis\dataAnalysis\indicators\rsi.py-42-TCS.NS: rsi=63.36018721553561
2022-04-04 20:38:47,911-INFO-D:\pythonProjects\fundamentalAnalysis\dataAnalysis\indicators\rsi.py-37-TATACHEM.NS Rsi value=63.78039647654262
2022-04-04 20:38:47,912-INFO-D:\pythonProjects\fundamentalAnalysis\dataAnalysis\indicators\rsi.py-42-TATACHEM.NS: rsi=63.78039647654262
2022-04-04 20:38:48,256-INFO-D:\pythonProjects\fundamentalAnalysis\dataAnalysis\indicators\rsi.py-37-TITAN.NS Rsi value=44.21808949621711
2022-04-04 20:38:48,257-INFO-D:\pythonProjects\fundamentalAnalysis\dataAnalysis\indicators\rsi.py-37-CARTRADE.NS Rsi value=61.7029101704336
2022-04-04 20:38:48,257-INFO-D:\pythonProjects\fundamentalAnalysis\dataAnalysis\indicators\rsi.py-42-CARTRADE.NS: rsi=61.7029101704336
2022-04-04 20:38:48,501-INFO-D:\pythonProjects\fundamentalAnalysis\dataAnalysis\indicators\rsi.py-37-BERGEPAINT.NS Rsi value=77.47835549183236
2022-04-04 20:38:48,502-INFO-D:\pythonProjects\fundamentalAnalysis\dataAnalysis\indicators\rsi.py-42-BERGEPAINT.NS: rsi=77.47835549183236
2022-04-04 20:38:49,870-INFO-D:\pythonProjects\fundamentalAnalysis\dataAnalysis\indicators\rsi.py-37-EVEREADY.NS Rsi value=46.36119630138539
2022-04-04 20:38:49,871-INFO-D:\pythonProjects\fundamentalAnalysis\dataAnalysis\indicators\rsi.py-37-ITC.NS Rsi value=61.59817265040082
2022-04-04 20:38:49,872-INFO-D:\pythonProjects\fundamentalAnalysis\dataAnalysis\indicators\rsi.py-42-ITC.NS: rsi=61.59817265040082
2022-04-04 20:38:50,132-INFO-D:\pythonProjects\fundamentalAnalysis\dataAnalysis\indicators\rsi.py-37-NLCINDIA.NS Rsi value=66.19753603830021
2022-04-04 20:38:50,132-INFO-D:\pythonProjects\fundamentalAnalysis\dataAnalysis\indicators\rsi.py-42-NLCINDIA.NS: rsi=66.19753603830021
2022-04-04 20:38:50,463-INFO-D:\pythonProjects\fundamentalAnalysis\orchestrator\orchestrator.py-48-starting next batch after 1187.315958738327s
2022-04-04 20:58:40,741-INFO-D:\pythonProjects\fundamentalAnalysis\dataAnalysis\indicators\rsi.py-37-ASIANPAINT.NS Rsi value=59.72782477512777
2022-04-04 20:58:40,741-INFO-D:\pythonProjects\fundamentalAnalysis\dataAnalysis\indicators\rsi.py-37-ADANIGREEN.NS Rsi value=72.9143967993274
2022-04-04 20:58:40,741-INFO-D:\pythonProjects\fundamentalAnalysis\dataAnalysis\indicators\rsi.py-37-ATGL.NS Rsi value=71.48975469188869
2022-04-04 20:58:40,741-INFO-D:\pythonProjects\fundamentalAnalysis\dataAnalysis\indicators\rsi.py-37-ADANITRANS.NS Rsi value=58.15216234828811
2022-04-04 20:58:40,741-INFO-D:\pythonProjects\fundamentalAnalysis\dataAnalysis\indicators\rsi.py-37-ADANIENT.NS Rsi value=72.04965484656306
2022-04-04 20:58:40,757-INFO-D:\pythonProjects\fundamentalAnalysis\dataAnalysis\indicators\rsi.py-37-BAJFINANCE.NS Rsi value=68.93644299746057
2022-04-04 20:58:40,757-INFO-D:\pythonProjects\fundamentalAnalysis\dataAnalysis\indicators\rsi.py-37-BAJAJFINSV.NS Rsi value=59.44601092085024
2022-04-04 20:58:40,757-INFO-D:\pythonProjects\fundamentalAnalysis\dataAnalysis\indicators\rsi.py-37-BEL.NS Rsi value=73.5339576376466
2022-04-04 20:58:40,757-INFO-D:\pythonProjects\fundamentalAnalysis\dataAnalysis\indicators\rsi.py-37-DIVISLAB.NS Rsi value=57.68060925783368
2022-04-04 20:58:40,757-INFO-D:\pythonProjects\fundamentalAnalysis\dataAnalysis\indicators\rsi.py-37-DLF.NS Rsi value=65.3344779432189
2022-04-04 20:58:40,757-INFO-D:\pythonProjects\fundamentalAnalysis\dataAnalysis\indicators\rsi.py-37-GODREJPROP.NS Rsi value=56.49900811779521
2022-04-04 20:58:40,757-INFO-D:\pythonProjects\fundamentalAnalysis\dataAnalysis\indicators\rsi.py-37-HATSUN.NS Rsi value=54.72756800165246
2022-04-04 20:58:40,757-INFO-D:\pythonProjects\fundamentalAnalysis\dataAnalysis\indicators\rsi.py-37-HDFCLIFE.NS Rsi value=64.13850216881295
2022-04-04 20:58:40,757-INFO-D:\pythonProjects\fundamentalAnalysis\dataAnalysis\indicators\rsi.py-37-HDFCBANK.NS Rsi value=71.50997647980621
2022-04-04 20:58:40,757-INFO-D:\pythonProjects\fundamentalAnalysis\dataAnalysis\indicators\rsi.py-37-INFY.NS Rsi value=44.335505337756246
2022-04-04 20:58:40,757-INFO-D:\pythonProjects\fundamentalAnalysis\dataAnalysis\indicators\rsi.py-37-LT.NS Rsi value=76.56947050327129
2022-04-04 20:58:40,757-INFO-D:\pythonProjects\fundamentalAnalysis\dataAnalysis\indicators\rsi.py-37-MCDOWELL-N.NS Rsi value=63.441026631068674
2022-04-04 20:58:40,757-INFO-D:\pythonProjects\fundamentalAnalysis\dataAnalysis\indicators\rsi.py-37-NAUKRI.NS Rsi value=66.37084098775927
2022-04-04 20:58:40,757-INFO-D:\pythonProjects\fundamentalAnalysis\dataAnalysis\indicators\rsi.py-37-POWERINDIA.NS Rsi value=46.20332074453477
2022-04-04 20:58:40,757-INFO-D:\pythonProjects\fundamentalAnalysis\dataAnalysis\indicators\rsi.py-37-PHOENIXLTD.NS Rsi value=56.732479161870295
2022-04-04 20:58:40,772-INFO-D:\pythonProjects\fundamentalAnalysis\dataAnalysis\indicators\rsi.py-37-QUESS.NS Rsi value=77.62197525136482
2022-04-04 20:58:40,772-INFO-D:\pythonProjects\fundamentalAnalysis\dataAnalysis\indicators\rsi.py-37-SBIN.NS Rsi value=75.0340926895883
2022-04-04 20:58:40,772-INFO-D:\pythonProjects\fundamentalAnalysis\dataAnalysis\indicators\rsi.py-37-SBICARD.NS Rsi value=59.794491531968795
2022-04-04 20:58:40,772-INFO-D:\pythonProjects\fundamentalAnalysis\dataAnalysis\indicators\rsi.py-37-SBILIFE.NS Rsi value=60.794168246466015
2022-04-04 20:58:40,772-INFO-D:\pythonProjects\fundamentalAnalysis\dataAnalysis\indicators\rsi.py-37-SIEMENS.NS Rsi value=70.61006081166337
2022-04-04 20:58:40,772-INFO-D:\pythonProjects\fundamentalAnalysis\dataAnalysis\indicators\rsi.py-37-RELIANCE.NS Rsi value=59.96269317338686
2022-04-04 20:58:40,772-INFO-D:\pythonProjects\fundamentalAnalysis\dataAnalysis\indicators\rsi.py-37-ROUTE.NS Rsi value=59.769553177912314
2022-04-04 20:58:40,772-INFO-D:\pythonProjects\fundamentalAnalysis\dataAnalysis\indicators\rsi.py-37-TATAELXSI.NS Rsi value=55.98472578259999
2022-04-04 20:58:40,772-INFO-D:\pythonProjects\fundamentalAnalysis\dataAnalysis\indicators\rsi.py-37-TATACONSUM.NS Rsi value=63.72658196261247
2022-04-04 20:58:40,772-INFO-D:\pythonProjects\fundamentalAnalysis\dataAnalysis\indicators\rsi.py-37-TCS.NS Rsi value=63.36018721553561
2022-04-04 20:58:40,772-INFO-D:\pythonProjects\fundamentalAnalysis\dataAnalysis\indicators\rsi.py-37-TATACHEM.NS Rsi value=63.78039647654262
2022-04-04 20:58:40,772-INFO-D:\pythonProjects\fundamentalAnalysis\dataAnalysis\indicators\rsi.py-37-TITAN.NS Rsi value=44.21808949621711
2022-04-04 20:58:40,772-INFO-D:\pythonProjects\fundamentalAnalysis\dataAnalysis\indicators\rsi.py-37-CARTRADE.NS Rsi value=61.7029101704336
2022-04-04 20:58:40,772-INFO-D:\pythonProjects\fundamentalAnalysis\dataAnalysis\indicators\rsi.py-37-BERGEPAINT.NS Rsi value=77.47835549183236
2022-04-04 20:58:40,772-INFO-D:\pythonProjects\fundamentalAnalysis\dataAnalysis\indicators\rsi.py-37-EVEREADY.NS Rsi value=46.36119630138539
2022-04-04 20:58:40,772-INFO-D:\pythonProjects\fundamentalAnalysis\dataAnalysis\indicators\rsi.py-37-ITC.NS Rsi value=61.59817265040082
2022-04-04 20:58:40,788-INFO-D:\pythonProjects\fundamentalAnalysis\dataAnalysis\indicators\rsi.py-37-NLCINDIA.NS Rsi value=66.19753603830021
2022-04-04 20:58:40,788-INFO-D:\pythonProjects\fundamentalAnalysis\orchestrator\orchestrator.py-48-starting next batch after 1197.3203327655792s
2022-04-04 21:18:50,033-INFO-D:\pythonProjects\fundamentalAnalysis\dataAnalysis\indicators\rsi.py-37-ASIANPAINT.NS Rsi value=59.72782477512777
2022-04-04 21:18:50,035-INFO-D:\pythonProjects\fundamentalAnalysis\dataAnalysis\indicators\rsi.py-37-ADANIGREEN.NS Rsi value=72.9143967993274
2022-04-04 21:18:50,036-INFO-D:\pythonProjects\fundamentalAnalysis\dataAnalysis\indicators\rsi.py-37-ATGL.NS Rsi value=71.48975469188869
2022-04-04 21:18:50,037-INFO-D:\pythonProjects\fundamentalAnalysis\dataAnalysis\indicators\rsi.py-37-ADANITRANS.NS Rsi value=58.15216234828811
2022-04-04 21:18:50,038-INFO-D:\pythonProjects\fundamentalAnalysis\dataAnalysis\indicators\rsi.py-37-ADANIENT.NS Rsi value=72.04965484656306
2022-04-04 21:18:50,039-INFO-D:\pythonProjects\fundamentalAnalysis\dataAnalysis\indicators\rsi.py-37-BAJFINANCE.NS Rsi value=68.93644299746057
2022-04-04 21:18:50,040-INFO-D:\pythonProjects\fundamentalAnalysis\dataAnalysis\indicators\rsi.py-37-BAJAJFINSV.NS Rsi value=59.44601092085024
2022-04-04 21:18:50,040-INFO-D:\pythonProjects\fundamentalAnalysis\dataAnalysis\indicators\rsi.py-37-BEL.NS Rsi value=73.5339576376466
2022-04-04 21:18:50,041-INFO-D:\pythonProjects\fundamentalAnalysis\dataAnalysis\indicators\rsi.py-37-DIVISLAB.NS Rsi value=57.68060925783368
2022-04-04 21:18:50,042-INFO-D:\pythonProjects\fundamentalAnalysis\dataAnalysis\indicators\rsi.py-37-DLF.NS Rsi value=65.3344779432189
2022-04-04 21:18:50,043-INFO-D:\pythonProjects\fundamentalAnalysis\dataAnalysis\indicators\rsi.py-37-GODREJPROP.NS Rsi value=56.49900811779521
2022-04-04 21:18:50,044-INFO-D:\pythonProjects\fundamentalAnalysis\dataAnalysis\indicators\rsi.py-37-HATSUN.NS Rsi value=54.72756800165246
2022-04-04 21:18:50,045-INFO-D:\pythonProjects\fundamentalAnalysis\dataAnalysis\indicators\rsi.py-37-HDFCLIFE.NS Rsi value=64.13850216881295
2022-04-04 21:18:50,046-INFO-D:\pythonProjects\fundamentalAnalysis\dataAnalysis\indicators\rsi.py-37-HDFCBANK.NS Rsi value=71.50997647980621
2022-04-04 21:18:50,047-INFO-D:\pythonProjects\fundamentalAnalysis\dataAnalysis\indicators\rsi.py-37-INFY.NS Rsi value=44.335505337756246
2022-04-04 21:18:50,048-INFO-D:\pythonProjects\fundamentalAnalysis\dataAnalysis\indicators\rsi.py-37-LT.NS Rsi value=76.56947050327129
2022-04-04 21:18:50,049-INFO-D:\pythonProjects\fundamentalAnalysis\dataAnalysis\indicators\rsi.py-37-MCDOWELL-N.NS Rsi value=63.441026631068674
2022-04-04 21:18:50,051-INFO-D:\pythonProjects\fundamentalAnalysis\dataAnalysis\indicators\rsi.py-37-NAUKRI.NS Rsi value=66.37084098775927
2022-04-04 21:18:50,052-INFO-D:\pythonProjects\fundamentalAnalysis\dataAnalysis\indicators\rsi.py-37-POWERINDIA.NS Rsi value=46.20332074453477
2022-04-04 21:18:50,053-INFO-D:\pythonProjects\fundamentalAnalysis\dataAnalysis\indicators\rsi.py-37-PHOENIXLTD.NS Rsi value=56.732479161870295
2022-04-04 21:18:50,054-INFO-D:\pythonProjects\fundamentalAnalysis\dataAnalysis\indicators\rsi.py-37-QUESS.NS Rsi value=77.62197525136482
2022-04-04 21:18:50,055-INFO-D:\pythonProjects\fundamentalAnalysis\dataAnalysis\indicators\rsi.py-37-SBIN.NS Rsi value=75.0340926895883
2022-04-04 21:18:50,056-INFO-D:\pythonProjects\fundamentalAnalysis\dataAnalysis\indicators\rsi.py-37-SBICARD.NS Rsi value=59.794491531968795
2022-04-04 21:18:50,057-INFO-D:\pythonProjects\fundamentalAnalysis\dataAnalysis\indicators\rsi.py-37-SBILIFE.NS Rsi value=60.794168246466015
2022-04-04 21:18:50,058-INFO-D:\pythonProjects\fundamentalAnalysis\dataAnalysis\indicators\rsi.py-37-SIEMENS.NS Rsi value=70.61006081166337
2022-04-04 21:18:50,059-INFO-D:\pythonProjects\fundamentalAnalysis\dataAnalysis\indicators\rsi.py-37-RELIANCE.NS Rsi value=59.96269317338686
2022-04-04 21:18:50,060-INFO-D:\pythonProjects\fundamentalAnalysis\dataAnalysis\indicators\rsi.py-37-ROUTE.NS Rsi value=59.769553177912314
2022-04-04 21:18:50,061-INFO-D:\pythonProjects\fundamentalAnalysis\dataAnalysis\indicators\rsi.py-37-TATAELXSI.NS Rsi value=55.98472578259999
2022-04-04 21:18:50,062-INFO-D:\pythonProjects\fundamentalAnalysis\dataAnalysis\indicators\rsi.py-37-TATACONSUM.NS Rsi value=63.72658196261247
2022-04-04 21:18:50,063-INFO-D:\pythonProjects\fundamentalAnalysis\dataAnalysis\indicators\rsi.py-37-TCS.NS Rsi value=63.36018721553561
2022-04-04 21:18:50,064-INFO-D:\pythonProjects\fundamentalAnalysis\dataAnalysis\indicators\rsi.py-37-TATACHEM.NS Rsi value=63.78039647654262
2022-04-04 21:18:50,065-INFO-D:\pythonProjects\fundamentalAnalysis\dataAnalysis\indicators\rsi.py-37-TITAN.NS Rsi value=44.21808949621711
2022-04-04 21:18:50,066-INFO-D:\pythonProjects\fundamentalAnalysis\dataAnalysis\indicators\rsi.py-37-CARTRADE.NS Rsi value=61.7029101704336
2022-04-04 21:18:50,067-INFO-D:\pythonProjects\fundamentalAnalysis\dataAnalysis\indicators\rsi.py-37-BERGEPAINT.NS Rsi value=77.47835549183236
2022-04-04 21:18:50,068-INFO-D:\pythonProjects\fundamentalAnalysis\dataAnalysis\indicators\rsi.py-37-EVEREADY.NS Rsi value=46.36119630138539
2022-04-04 21:18:50,069-INFO-D:\pythonProjects\fundamentalAnalysis\dataAnalysis\indicators\rsi.py-37-ITC.NS Rsi value=61.59817265040082
2022-04-04 21:18:50,070-INFO-D:\pythonProjects\fundamentalAnalysis\dataAnalysis\indicators\rsi.py-37-NLCINDIA.NS Rsi value=66.19753603830021
2022-04-04 21:18:50,071-INFO-D:\pythonProjects\fundamentalAnalysis\orchestrator\orchestrator.py-48-starting next batch after 1188.281034708023s
2022-04-04 21:38:40,226-INFO-D:\pythonProjects\fundamentalAnalysis\dataAnalysis\indicators\rsi.py-37-ASIANPAINT.NS Rsi value=59.72782477512777
2022-04-04 21:38:40,227-INFO-D:\pythonProjects\fundamentalAnalysis\dataAnalysis\indicators\rsi.py-37-ADANIGREEN.NS Rsi value=72.9143967993274
2022-04-04 21:38:40,228-INFO-D:\pythonProjects\fundamentalAnalysis\dataAnalysis\indicators\rsi.py-37-ATGL.NS Rsi value=71.48975469188869
2022-04-04 21:38:40,229-INFO-D:\pythonProjects\fundamentalAnalysis\dataAnalysis\indicators\rsi.py-37-ADANITRANS.NS Rsi value=58.15216234828811
2022-04-04 21:38:40,230-INFO-D:\pythonProjects\fundamentalAnalysis\dataAnalysis\indicators\rsi.py-37-ADANIENT.NS Rsi value=72.04965484656306
2022-04-04 21:38:40,231-INFO-D:\pythonProjects\fundamentalAnalysis\dataAnalysis\indicators\rsi.py-37-BAJFINANCE.NS Rsi value=68.93644299746057
2022-04-04 21:38:40,232-INFO-D:\pythonProjects\fundamentalAnalysis\dataAnalysis\indicators\rsi.py-37-BAJAJFINSV.NS Rsi value=59.44601092085024
2022-04-04 21:38:40,233-INFO-D:\pythonProjects\fundamentalAnalysis\dataAnalysis\indicators\rsi.py-37-BEL.NS Rsi value=73.5339576376466
2022-04-04 21:38:40,234-INFO-D:\pythonProjects\fundamentalAnalysis\dataAnalysis\indicators\rsi.py-37-DIVISLAB.NS Rsi value=57.68060925783368
2022-04-04 21:38:40,235-INFO-D:\pythonProjects\fundamentalAnalysis\dataAnalysis\indicators\rsi.py-37-DLF.NS Rsi value=65.3344779432189
2022-04-04 21:38:40,236-INFO-D:\pythonProjects\fundamentalAnalysis\dataAnalysis\indicators\rsi.py-37-GODREJPROP.NS Rsi value=56.49900811779521
2022-04-04 21:38:40,237-INFO-D:\pythonProjects\fundamentalAnalysis\dataAnalysis\indicators\rsi.py-37-HATSUN.NS Rsi value=54.72756800165246
2022-04-04 21:38:40,238-INFO-D:\pythonProjects\fundamentalAnalysis\dataAnalysis\indicators\rsi.py-37-HDFCLIFE.NS Rsi value=64.13850216881295
2022-04-04 21:38:40,239-INFO-D:\pythonProjects\fundamentalAnalysis\dataAnalysis\indicators\rsi.py-37-HDFCBANK.NS Rsi value=71.50997647980621
2022-04-04 21:38:40,240-INFO-D:\pythonProjects\fundamentalAnalysis\dataAnalysis\indicators\rsi.py-37-INFY.NS Rsi value=44.335505337756246
2022-04-04 21:38:40,241-INFO-D:\pythonProjects\fundamentalAnalysis\dataAnalysis\indicators\rsi.py-37-LT.NS Rsi value=76.56947050327129
2022-04-04 21:38:40,241-INFO-D:\pythonProjects\fundamentalAnalysis\dataAnalysis\indicators\rsi.py-37-MCDOWELL-N.NS Rsi value=63.441026631068674
2022-04-04 21:38:40,242-INFO-D:\pythonProjects\fundamentalAnalysis\dataAnalysis\indicators\rsi.py-37-NAUKRI.NS Rsi value=66.37084098775927
2022-04-04 21:38:40,243-INFO-D:\pythonProjects\fundamentalAnalysis\dataAnalysis\indicators\rsi.py-37-POWERINDIA.NS Rsi value=46.20332074453477
2022-04-04 21:38:40,244-INFO-D:\pythonProjects\fundamentalAnalysis\dataAnalysis\indicators\rsi.py-37-PHOENIXLTD.NS Rsi value=56.732479161870295
2022-04-04 21:38:40,245-INFO-D:\pythonProjects\fundamentalAnalysis\dataAnalysis\indicators\rsi.py-37-QUESS.NS Rsi value=77.62197525136482
2022-04-04 21:38:40,246-INFO-D:\pythonProjects\fundamentalAnalysis\dataAnalysis\indicators\rsi.py-37-SBIN.NS Rsi value=75.0340926895883
2022-04-04 21:38:40,247-INFO-D:\pythonProjects\fundamentalAnalysis\dataAnalysis\indicators\rsi.py-37-SBICARD.NS Rsi value=59.794491531968795
2022-04-04 21:38:40,248-INFO-D:\pythonProjects\fundamentalAnalysis\dataAnalysis\indicators\rsi.py-37-SBILIFE.NS Rsi value=60.794168246466015
2022-04-04 21:38:40,249-INFO-D:\pythonProjects\fundamentalAnalysis\dataAnalysis\indicators\rsi.py-37-SIEMENS.NS Rsi value=70.61006081166337
2022-04-04 21:38:40,250-INFO-D:\pythonProjects\fundamentalAnalysis\dataAnalysis\indicators\rsi.py-37-RELIANCE.NS Rsi value=59.96269317338686
2022-04-04 21:38:40,251-INFO-D:\pythonProjects\fundamentalAnalysis\dataAnalysis\indicators\rsi.py-37-ROUTE.NS Rsi value=59.769553177912314
2022-04-04 21:38:40,252-INFO-D:\pythonProjects\fundamentalAnalysis\dataAnalysis\indicators\rsi.py-37-TATAELXSI.NS Rsi value=55.98472578259999
2022-04-04 21:38:40,253-INFO-D:\pythonProjects\fundamentalAnalysis\dataAnalysis\indicators\rsi.py-37-TATACONSUM.NS Rsi value=63.72658196261247
2022-04-04 21:38:40,254-INFO-D:\pythonProjects\fundamentalAnalysis\dataAnalysis\indicators\rsi.py-37-TCS.NS Rsi value=63.36018721553561
2022-04-04 21:38:40,255-INFO-D:\pythonProjects\fundamentalAnalysis\dataAnalysis\indicators\rsi.py-37-TATACHEM.NS Rsi value=63.78039647654262
2022-04-04 21:38:40,256-INFO-D:\pythonProjects\fundamentalAnalysis\dataAnalysis\indicators\rsi.py-37-TITAN.NS Rsi value=44.21808949621711
2022-04-04 21:38:40,257-INFO-D:\pythonProjects\fundamentalAnalysis\dataAnalysis\indicators\rsi.py-37-CARTRADE.NS Rsi value=61.7029101704336
2022-04-04 21:38:40,258-INFO-D:\pythonProjects\fundamentalAnalysis\dataAnalysis\indicators\rsi.py-37-BERGEPAINT.NS Rsi value=77.47835549183236
2022-04-04 21:38:40,259-INFO-D:\pythonProjects\fundamentalAnalysis\dataAnalysis\indicators\rsi.py-37-EVEREADY.NS Rsi value=46.36119630138539
2022-04-04 21:38:40,260-INFO-D:\pythonProjects\fundamentalAnalysis\dataAnalysis\indicators\rsi.py-37-ITC.NS Rsi value=61.59817265040082
2022-04-04 21:38:40,260-INFO-D:\pythonProjects\fundamentalAnalysis\dataAnalysis\indicators\rsi.py-37-NLCINDIA.NS Rsi value=66.19753603830021
2022-04-04 21:38:40,261-INFO-D:\pythonProjects\fundamentalAnalysis\orchestrator\orchestrator.py-48-starting next batch after 1198.4768192768097s
2022-04-04 21:58:41,213-INFO-D:\pythonProjects\fundamentalAnalysis\dataAnalysis\indicators\rsi.py-37-ASIANPAINT.NS Rsi value=59.727817541979014
2022-04-04 21:58:41,214-INFO-D:\pythonProjects\fundamentalAnalysis\dataAnalysis\indicators\rsi.py-37-ADANIGREEN.NS Rsi value=72.91439740196934
2022-04-04 21:58:41,215-INFO-D:\pythonProjects\fundamentalAnalysis\dataAnalysis\indicators\rsi.py-37-ATGL.NS Rsi value=71.48975469188844
2022-04-04 21:58:41,216-INFO-D:\pythonProjects\fundamentalAnalysis\dataAnalysis\indicators\rsi.py-37-ADANITRANS.NS Rsi value=58.15216233729795
2022-04-04 21:58:41,217-INFO-D:\pythonProjects\fundamentalAnalysis\dataAnalysis\indicators\rsi.py-37-ADANIENT.NS Rsi value=72.04963588946644
2022-04-04 21:58:41,218-INFO-D:\pythonProjects\fundamentalAnalysis\dataAnalysis\indicators\rsi.py-37-BAJFINANCE.NS Rsi value=68.93644304150332
2022-04-04 21:58:41,219-INFO-D:\pythonProjects\fundamentalAnalysis\dataAnalysis\indicators\rsi.py-37-BAJAJFINSV.NS Rsi value=59.446005316460294
2022-04-04 21:58:41,220-INFO-D:\pythonProjects\fundamentalAnalysis\dataAnalysis\indicators\rsi.py-37-BEL.NS Rsi value=73.53394234590108
2022-04-04 21:58:41,221-INFO-D:\pythonProjects\fundamentalAnalysis\dataAnalysis\indicators\rsi.py-37-DIVISLAB.NS Rsi value=59.1093075329276
2022-04-04 21:58:41,222-INFO-D:\pythonProjects\fundamentalAnalysis\dataAnalysis\indicators\rsi.py-37-DLF.NS Rsi value=65.33445866250696
2022-04-04 21:58:41,223-INFO-D:\pythonProjects\fundamentalAnalysis\dataAnalysis\indicators\rsi.py-37-GODREJPROP.NS Rsi value=56.499009396605246
2022-04-04 21:58:41,224-INFO-D:\pythonProjects\fundamentalAnalysis\dataAnalysis\indicators\rsi.py-37-HATSUN.NS Rsi value=54.7275673923863
2022-04-04 21:58:41,225-INFO-D:\pythonProjects\fundamentalAnalysis\dataAnalysis\indicators\rsi.py-37-HDFCLIFE.NS Rsi value=64.13850201974462
2022-04-04 21:58:41,226-INFO-D:\pythonProjects\fundamentalAnalysis\dataAnalysis\indicators\rsi.py-37-HDFCBANK.NS Rsi value=71.50997678829486
2022-04-04 21:58:41,227-INFO-D:\pythonProjects\fundamentalAnalysis\dataAnalysis\indicators\rsi.py-37-INFY.NS Rsi value=44.335505702232076
2022-04-04 21:58:41,228-INFO-D:\pythonProjects\fundamentalAnalysis\dataAnalysis\indicators\rsi.py-37-LT.NS Rsi value=76.56947354078557
2022-04-04 21:58:41,229-INFO-D:\pythonProjects\fundamentalAnalysis\dataAnalysis\indicators\rsi.py-37-MCDOWELL-N.NS Rsi value=63.44103013870785
2022-04-04 21:58:41,229-INFO-D:\pythonProjects\fundamentalAnalysis\dataAnalysis\indicators\rsi.py-37-NAUKRI.NS Rsi value=66.37084106419292
2022-04-04 21:58:41,230-INFO-D:\pythonProjects\fundamentalAnalysis\dataAnalysis\indicators\rsi.py-37-POWERINDIA.NS Rsi value=46.203322873364606
2022-04-04 21:58:41,231-INFO-D:\pythonProjects\fundamentalAnalysis\dataAnalysis\indicators\rsi.py-37-PHOENIXLTD.NS Rsi value=56.732479336093824
2022-04-04 21:58:41,232-INFO-D:\pythonProjects\fundamentalAnalysis\dataAnalysis\indicators\rsi.py-37-QUESS.NS Rsi value=77.62195164914843
2022-04-04 21:58:41,233-INFO-D:\pythonProjects\fundamentalAnalysis\dataAnalysis\indicators\rsi.py-37-SBIN.NS Rsi value=75.03407445819855
2022-04-04 21:58:41,234-INFO-D:\pythonProjects\fundamentalAnalysis\dataAnalysis\indicators\rsi.py-37-SBICARD.NS Rsi value=59.79448911397955
2022-04-04 21:58:41,235-INFO-D:\pythonProjects\fundamentalAnalysis\dataAnalysis\indicators\rsi.py-37-SBILIFE.NS Rsi value=60.794190576350616
2022-04-04 21:58:41,236-INFO-D:\pythonProjects\fundamentalAnalysis\dataAnalysis\indicators\rsi.py-37-SIEMENS.NS Rsi value=70.61005157514711
2022-04-04 21:58:41,237-INFO-D:\pythonProjects\fundamentalAnalysis\dataAnalysis\indicators\rsi.py-37-RELIANCE.NS Rsi value=59.96269279753225
2022-04-04 21:58:41,238-INFO-D:\pythonProjects\fundamentalAnalysis\dataAnalysis\indicators\rsi.py-37-ROUTE.NS Rsi value=59.769550666882665
2022-04-04 21:58:41,239-INFO-D:\pythonProjects\fundamentalAnalysis\dataAnalysis\indicators\rsi.py-37-TATAELXSI.NS Rsi value=55.984725947551404
2022-04-04 21:58:41,240-INFO-D:\pythonProjects\fundamentalAnalysis\dataAnalysis\indicators\rsi.py-37-TATACONSUM.NS Rsi value=63.72658189681335
2022-04-04 21:58:41,241-INFO-D:\pythonProjects\fundamentalAnalysis\dataAnalysis\indicators\rsi.py-37-TCS.NS Rsi value=63.360183086921076
2022-04-04 21:58:41,242-INFO-D:\pythonProjects\fundamentalAnalysis\dataAnalysis\indicators\rsi.py-37-TATACHEM.NS Rsi value=63.78038467928464
2022-04-04 21:58:41,243-INFO-D:\pythonProjects\fundamentalAnalysis\dataAnalysis\indicators\rsi.py-37-TITAN.NS Rsi value=44.21809300912125
2022-04-04 21:58:41,244-INFO-D:\pythonProjects\fundamentalAnalysis\dataAnalysis\indicators\rsi.py-37-CARTRADE.NS Rsi value=61.70290722099004
2022-04-04 21:58:41,245-INFO-D:\pythonProjects\fundamentalAnalysis\dataAnalysis\indicators\rsi.py-37-BERGEPAINT.NS Rsi value=77.47837036660329
2022-04-04 21:58:41,246-INFO-D:\pythonProjects\fundamentalAnalysis\dataAnalysis\indicators\rsi.py-37-EVEREADY.NS Rsi value=46.361204517602395
2022-04-04 21:58:41,246-INFO-D:\pythonProjects\fundamentalAnalysis\dataAnalysis\indicators\rsi.py-37-ITC.NS Rsi value=61.598167555301906
2022-04-04 21:58:41,247-INFO-D:\pythonProjects\fundamentalAnalysis\dataAnalysis\indicators\rsi.py-37-NLCINDIA.NS Rsi value=66.19752448216173
2022-04-04 21:58:41,248-INFO-D:\pythonProjects\fundamentalAnalysis\orchestrator\orchestrator.py-48-starting next batch after 1197.7757897377014s
